\BOOKMARK [1][-]{section.1}{\376\377\006\105\006\102\006\057\006\105\006\107}{}% 1
\BOOKMARK [2][-]{subsection.1.1}{\376\377\006\052\006\071\006\061\006\314\006\101\000\040\006\314\006\047\006\057\006\257\006\314\006\061\006\314\000\040\006\105\006\047\006\064\006\314\006\106}{section.1}% 2
\BOOKMARK [3][-]{subsubsection.1.1.1}{\376\377\006\314\006\047\006\057\006\257\006\314\006\061\006\314\000\040\006\105\006\047\006\064\006\314\006\106\000\040\006\206\006\314\006\063\006\052\006\037}{subsection.1.1}% 3
\BOOKMARK [3][-]{subsubsection.1.1.2}{\376\377\006\105\006\101\006\047\006\107\006\314\006\105\000\040\006\251\006\104\006\314\006\057\006\314\000\040\006\314\006\047\006\057\006\257\006\314\006\061\006\314\000\040\006\105\006\047\006\064\006\314\006\106}{subsection.1.1}% 4
\BOOKMARK [2][-]{subsection.1.2}{\376\377\006\107\006\110\006\064\000\040\006\105\006\065\006\106\006\110\006\071\006\314\000\040\006\110\000\040\006\067\006\050\006\314\006\071\006\314}{section.1}% 5
\BOOKMARK [3][-]{subsubsection.1.2.1}{\376\377\006\052\006\101\006\047\006\110\006\052\000\040\006\050\006\314\006\106\000\040\006\107\006\110\006\064\000\040\006\105\006\065\006\106\006\110\006\071\006\314\000\040\006\110\000\040\006\107\006\110\006\064\000\040\006\067\006\050\006\314\006\071\006\314}{subsection.1.2}% 6
\BOOKMARK [3][-]{subsubsection.1.2.2}{\376\377\006\106\006\055\006\110\006\107\000\040\006\314\006\047\006\057\006\257\006\314\006\061\006\314\000\040\006\047\006\106\006\063\006\047\006\106\040\014\006\107\006\047\000\040\006\057\006\061\000\040\006\105\006\102\006\047\006\050\006\104\000\040\000A\000I}{subsection.1.2}% 7
\BOOKMARK [2][-]{subsection.1.3}{\376\377\006\047\006\104\006\257\006\110\006\061\006\314\006\052\006\105\000\040\006\107\006\047\006\314\000\040\006\314\006\047\006\057\006\257\006\314\006\061\006\314\000\040\006\105\006\047\006\064\006\314\006\106}{section.1}% 8
\BOOKMARK [3][-]{subsubsection.1.3.1}{\376\377\000S\000u\000p\000e\000r\000v\000i\000s\000e\000d\000\040\000l\000e\000a\000r\000n\000i\000n\000g}{subsection.1.3}% 9
\BOOKMARK [3][-]{subsubsection.1.3.2}{\376\377\000U\000n\000s\000u\000p\000e\000r\000v\000i\000s\000e\000d\000\040\000l\000e\000a\000r\000n\000i\000n\000g}{subsection.1.3}% 10
\BOOKMARK [3][-]{subsubsection.1.3.3}{\376\377\000R\000e\000i\000n\000f\000o\000r\000c\000e\000m\000e\000n\000t\000\040\000l\000e\000a\000r\000n\000i\000n\000g}{subsection.1.3}% 11
\BOOKMARK [2][-]{subsection.1.4}{\376\377\006\314\006\047\006\057\006\257\006\314\006\061\006\314\000\040\006\105\006\047\006\064\006\314\006\106\000\040\006\206\006\257\006\110\006\106\006\107\000\040\006\047\006\052\006\101\006\047\006\102\000\040\006\105\006\314\000\040\006\047\006\101\006\052\006\057}{section.1}% 12
\BOOKMARK [2][-]{subsection.1.5}{\376\377\006\105\006\057\006\104\000\040\006\314\006\047\006\057\006\257\006\314\006\061\006\314\000\040\006\105\006\047\006\064\006\314\006\106\000\040\006\206\006\314\006\063\006\052}{section.1}% 13
\BOOKMARK [2][-]{subsection.1.6}{\376\377\006\251\006\047\006\061\006\050\006\061\006\057\000\040\006\107\006\047\006\314\000\040\006\314\006\047\006\057\006\257\006\314\006\061\006\314\000\040\006\105\006\047\006\064\006\314\006\106}{section.1}% 14
\BOOKMARK [3][-]{subsubsection.1.6.1}{\376\377\006\050\006\107\006\057\006\047\006\064\006\052\000\040\006\110\000\040\006\057\006\061\006\105\006\047\006\106}{subsection.1.6}% 15
\BOOKMARK [3][-]{subsubsection.1.6.2}{\376\377\006\105\006\047\006\104\006\314}{subsection.1.6}% 16
\BOOKMARK [3][-]{subsubsection.1.6.3}{\376\377\006\050\006\047\006\062\006\047\006\061\006\314\006\047\006\050\006\314\000\040\006\110\000\040\006\101\006\061\006\110\006\064}{subsection.1.6}% 17
\BOOKMARK [3][-]{subsubsection.1.6.4}{\376\377\006\056\006\061\006\057\006\107\040\014\006\101\006\061\006\110\006\064\006\314}{subsection.1.6}% 18
\BOOKMARK [2][-]{subsection.1.7}{\376\377\006\105\006\050\006\047\006\055\006\053\000\040\006\047\006\056\006\104\006\047\006\102\006\314}{section.1}% 19
\BOOKMARK [3][-]{subsubsection.1.7.1}{\376\377\006\064\006\101\006\047\006\101\006\314\006\052}{subsection.1.7}% 20
\BOOKMARK [3][-]{subsubsection.1.7.2}{\376\377\006\071\006\057\006\047\006\104\006\052\000\040\006\110\000\040\006\050\006\314\040\014\006\067\006\061\006\101\006\314}{subsection.1.7}% 21
\BOOKMARK [3][-]{subsubsection.1.7.3}{\376\377\006\055\006\061\006\314\006\105\000\040\006\056\006\065\006\110\006\065\006\314\000\040\006\110\000\040\006\047\006\105\006\106\006\314\006\052}{subsection.1.7}% 22
\BOOKMARK [3][-]{subsubsection.1.7.4}{\376\377\006\101\006\047\006\314\006\057\006\107\000\040\006\110\000\040\006\061\006\101\006\047\006\107}{subsection.1.7}% 23
\BOOKMARK [1][-]{section.2}{\376\377\006\061\006\257\006\061\006\063\006\314\006\110\006\106}{}% 24
\BOOKMARK [2][-]{subsection.2.1}{\376\377\006\105\006\102\006\057\006\105\006\107}{section.2}% 25
\BOOKMARK [2][-]{subsection.2.2}{\376\377\006\251\006\047\006\061\006\050\006\061\006\057\006\107\006\047\006\314\000\040\006\061\006\257\006\061\006\063\006\314\006\110\006\106}{section.2}% 26
\BOOKMARK [2][-]{subsection.2.3}{\376\377\006\047\006\061\006\062\006\314\006\047\006\050\006\314\000\040\006\105\006\057\006\104}{section.2}% 27
\BOOKMARK [2][-]{subsection.2.4}{\376\377\006\314\006\047\006\057\006\257\006\314\006\061\006\314\000\040\006\105\006\057\006\104\000\040\006\206\006\257\006\110\006\106\006\107\000\040\006\061\006\056\000\040\006\105\006\314\040\014\006\057\006\107\006\057}{section.2}% 28
\BOOKMARK [2][-]{subsection.2.5}{\376\377\006\050\006\314\006\064\040\014\006\050\006\061\006\047\006\062\006\064\000\040\006\110\000\040\006\251\006\105\040\014\006\050\006\061\006\047\006\062\006\064\000\040\000\050\000O\000v\000e\000r\000f\000i\000t\000t\000i\000n\000g\000\040\000\046\000\040\000U\000n\000d\000e\000r\000f\000i\000t\000t\000i\000n\000g\000\051}{section.2}% 29
\BOOKMARK [2][-]{subsection.2.6}{\376\377\006\106\006\102\006\047\006\067\000\040\006\176\006\061\006\052\000\040\000\050\000O\000u\000t\000l\000i\000e\000r\000s\000\051}{section.2}% 30
\BOOKMARK [1][-]{section.3}{\376\377\006\057\006\063\006\052\006\107\040\014\000\040\006\050\006\106\006\057\006\314}{}% 31
\BOOKMARK [2][-]{subsection.3.1}{\376\377\006\105\006\102\006\057\006\105\006\107}{section.3}% 32
\BOOKMARK [2][-]{subsection.3.2}{\376\377\006\047\006\106\006\110\006\047\006\071\000\040\006\057\006\063\006\052\006\107\040\014\000\040\006\050\006\106\006\057\006\314}{section.3}% 33
\BOOKMARK [3][-]{subsubsection.3.2.1}{\376\377\006\057\006\063\006\052\006\107\040\014\000\040\006\050\006\106\006\057\006\314\000\040\006\057\006\110\006\057\006\110\006\314}{subsection.3.2}% 34
\BOOKMARK [3][-]{subsubsection.3.2.2}{\376\377\006\057\006\063\006\052\006\107\040\014\000\040\006\050\006\106\006\057\006\314\000\040\006\206\006\106\006\057\000\040\006\251\006\104\006\047\006\063\006\107}{subsection.3.2}% 35
\BOOKMARK [3][-]{subsubsection.3.2.3}{\376\377\006\057\006\063\006\052\006\107\040\014\000\040\006\050\006\106\006\057\006\314\000\040\006\206\006\106\006\057\000\040\006\057\006\063\006\052\006\107\040\014\006\047\006\314}{subsection.3.2}% 36
\BOOKMARK [2][-]{subsection.3.3}{\376\377\006\106\006\257\006\047\006\107\006\314\000\040\006\071\006\105\006\314\006\102\000\040\006\052\006\061\000\040\006\050\006\107\000\040\006\057\006\063\006\052\006\107\040\014\000\040\006\050\006\106\006\057\006\314\000\040\006\057\006\110\006\057\006\110\006\314}{section.3}% 37
\BOOKMARK [2][-]{subsection.3.4}{\376\377\006\047\006\061\006\062\006\314\006\047\006\050\006\314\000\040\006\105\006\057\006\104}{section.3}% 38
